<?xml version="1.0" encoding="UTF-8"?>
<testsuite name="LibraryTest" tests="1" skipped="0" failures="0" errors="0" timestamp="2019-01-29T01:27:15" hostname="USHER4ZCN9H2" time="0.004">
  <properties/>
  <testcase name="testSomeLibraryMethod" classname="LibraryTest" time="0.004"/>
  <system-out><![CDATA[]]></system-out>
  <system-err><![CDATA[]]></system-err>
</testsuite>
